[2025-12-01T20:34:13.313Z] Starting image pipeline
[2025-12-01T20:34:13.314Z] Image pipeline finished
[2025-12-01T20:35:35.994Z] Starting image pipeline
[2025-12-01T20:35:35.995Z] Processing group GYM
[2025-12-01T20:35:36.060Z] Group GYM error: request to https://example.supabase.co/rest/v1/gym?select=*&apikey=YOUR_PUBLISHABLE_KEY failed, reason: getaddrinfo ENOTFOUND example.supabase.co
[2025-12-01T20:35:36.060Z] Image pipeline finished
[2025-12-01T20:38:51.180Z] Starting image pipeline
[2025-12-01T20:38:51.180Z] Processing group GYM
[2025-12-01T20:38:51.181Z] Group GYM error: Content path is a URL. Configure CONTENT_TABLE_<GROUP> to use Supabase SDK and avoid HTTP URLs.
[2025-12-01T20:38:51.181Z] Image pipeline finished
[2025-12-01T20:40:01.301Z] Starting image pipeline
[2025-12-01T20:40:01.301Z] Processing group GYM
[2025-12-01T20:40:01.301Z] Group GYM error: Content path is a URL. Configure CONTENT_TABLE_<GROUP> to use Supabase SDK and avoid HTTP URLs.
[2025-12-01T20:40:01.301Z] Image pipeline finished
[2025-12-01T20:44:40.956Z] Starting image pipeline
[2025-12-01T20:44:40.956Z] Processing group GYM
[2025-12-01T20:44:42.006Z] Supabase table 'supplements' count=667
[2025-12-01T20:44:42.006Z] Items per page=10
[2025-12-01T20:44:42.006Z] Total pages=67
[2025-12-01T20:44:42.006Z] Fetching page index=60, range [600, 609]
[2025-12-01T20:44:49.861Z] Group GYM error: Cannot find ffprobe
[2025-12-01T20:44:49.861Z] Image pipeline finished
[2025-12-01T20:45:01.534Z] Starting image pipeline
[2025-12-01T20:45:01.534Z] Processing group GYM
[2025-12-01T20:45:01.833Z] Supabase table 'supplements' count=667
[2025-12-01T20:45:01.833Z] Items per page=10
[2025-12-01T20:45:01.833Z] Total pages=67
[2025-12-01T20:45:01.833Z] Fetching page index=65, range [650, 659]
[2025-12-01T20:45:09.199Z] Group GYM error: Cannot find ffmpeg
[2025-12-01T20:45:09.200Z] Image pipeline finished
[2025-12-01T20:45:26.084Z] Starting image pipeline
[2025-12-01T20:45:26.084Z] Processing group GYM
[2025-12-01T20:45:26.357Z] Supabase table 'supplements' count=667
[2025-12-01T20:45:26.357Z] Items per page=10
[2025-12-01T20:45:26.358Z] Total pages=67
[2025-12-01T20:45:26.358Z] Fetching page index=39, range [390, 399]
[2025-12-01T20:45:34.420Z] Generated 4 images at /Users/itsector/Documents/GitHub/API-autoSocialForge/IMAGE/output/GYM/2025-12-01T20-45-34-273Z
[2025-12-01T20:45:34.421Z] Saved /Users/itsector/Documents/GitHub/API-autoSocialForge/IMAGE/output/GYM/2025-12-01T20-45-34-273Z/metadata.json
[2025-12-01T20:45:34.743Z] Group GYM error: Supabase upload failed: new row violates row-level security policy
[2025-12-01T20:45:34.744Z] Image pipeline finished
[2025-12-01T20:47:13.529Z] Starting image pipeline
[2025-12-01T20:47:13.530Z] Processing group GYM
[2025-12-01T20:47:14.061Z] Supabase table 'supplements' count=667
[2025-12-01T20:47:14.061Z] Items per page=100
[2025-12-01T20:47:14.061Z] Total pages=7
[2025-12-01T20:47:14.061Z] Fetching page index=6, range [600, 699]
[2025-12-01T20:47:21.255Z] Generated 3 images at /Users/itsector/Documents/GitHub/API-autoSocialForge/IMAGE/output/GYM/2025-12-01T20-47-21-123Z
[2025-12-01T20:47:21.256Z] Saved /Users/itsector/Documents/GitHub/API-autoSocialForge/IMAGE/output/GYM/2025-12-01T20-47-21-123Z/metadata.json
[2025-12-01T20:47:22.217Z] Group GYM error: Supabase upload failed: new row violates row-level security policy
[2025-12-01T20:47:22.218Z] Image pipeline finished
[2025-12-01T20:52:56.840Z] Starting image pipeline
[2025-12-01T20:52:56.840Z] Processing group GYM
[2025-12-01T20:52:57.270Z] Supabase table 'supplements' count=667
[2025-12-01T20:52:57.270Z] Items per page=100
[2025-12-01T20:52:57.270Z] Total pages=7
[2025-12-01T20:52:57.271Z] Fetching page index=6, range [600, 699]
[2025-12-01T20:53:06.662Z] Generated 4 images at /Users/itsector/Documents/GitHub/API-autoSocialForge/IMAGE/output/GYM/2025-12-01T20-53-06-469Z
[2025-12-01T20:53:06.663Z] Saved /Users/itsector/Documents/GitHub/API-autoSocialForge/IMAGE/output/GYM/2025-12-01T20-53-06-469Z/metadata.json
[2025-12-01T20:53:07.392Z] Group GYM error: Supabase upload failed: new row violates row-level security policy
[2025-12-01T20:53:07.392Z] Image pipeline finished
[2025-12-01T20:57:09.622Z] Starting image pipeline
[2025-12-01T20:57:09.623Z] Processing group GYM
[2025-12-01T20:57:09.955Z] Supabase table 'supplements' count=667
[2025-12-01T20:57:09.955Z] Items per page=100
[2025-12-01T20:57:09.955Z] Total pages=7
[2025-12-01T20:57:09.955Z] Fetching page index=6, range [600, 699]
[2025-12-01T20:57:18.764Z] Generated 4 images at /Users/itsector/Documents/GitHub/API-autoSocialForge/IMAGE/output/GYM/2025-12-01T20-57-18-585Z
[2025-12-01T20:57:18.765Z] Saved /Users/itsector/Documents/GitHub/API-autoSocialForge/IMAGE/output/GYM/2025-12-01T20-57-18-585Z/metadata.json
[2025-12-01T20:57:19.228Z] Group GYM error: Supabase upload failed: new row violates row-level security policy
[2025-12-01T20:57:19.228Z] Image pipeline finished
[2025-12-01T20:57:33.682Z] Starting image pipeline
[2025-12-01T20:57:33.682Z] Processing group GYM
[2025-12-01T20:57:33.937Z] Supabase table 'supplements' count=667
[2025-12-01T20:57:33.937Z] Items per page=100
[2025-12-01T20:57:33.937Z] Total pages=7
[2025-12-01T20:57:33.937Z] Fetching page index=4, range [400, 499]
[2025-12-01T20:57:45.001Z] Generated 4 images at /Users/itsector/Documents/GitHub/API-autoSocialForge/IMAGE/output/GYM/2025-12-01T20-57-44-829Z
[2025-12-01T20:57:45.002Z] Saved /Users/itsector/Documents/GitHub/API-autoSocialForge/IMAGE/output/GYM/2025-12-01T20-57-44-829Z/metadata.json
[2025-12-01T20:57:45.404Z] Group GYM error: Supabase upload failed: new row violates row-level security policy
[2025-12-01T20:57:45.406Z] Image pipeline finished
[2025-12-01T20:57:56.236Z] Starting image pipeline
[2025-12-01T20:57:56.237Z] Processing group GYM
[2025-12-01T20:57:56.508Z] Supabase table 'supplements' count=667
[2025-12-01T20:57:56.508Z] Items per page=100
[2025-12-01T20:57:56.509Z] Total pages=7
[2025-12-01T20:57:56.509Z] Fetching page index=2, range [200, 299]
[2025-12-01T20:58:05.942Z] Generated 4 images at /Users/itsector/Documents/GitHub/API-autoSocialForge/IMAGE/output/GYM/2025-12-01T20-58-05-769Z
[2025-12-01T20:58:05.942Z] Saved /Users/itsector/Documents/GitHub/API-autoSocialForge/IMAGE/output/GYM/2025-12-01T20-58-05-769Z/metadata.json
[2025-12-01T20:58:06.419Z] Group GYM error: Supabase upload failed: new row violates row-level security policy
[2025-12-01T20:58:06.419Z] Image pipeline finished
[2025-12-01T20:58:23.392Z] Starting image pipeline
[2025-12-01T20:58:23.392Z] Processing group GYM
[2025-12-01T20:58:23.629Z] Supabase table 'supplements' count=667
[2025-12-01T20:58:23.630Z] Items per page=100
[2025-12-01T20:58:23.630Z] Total pages=7
[2025-12-01T20:58:23.630Z] Fetching page index=3, range [300, 399]
[2025-12-01T20:58:31.023Z] Generated 4 images at /Users/itsector/Documents/GitHub/API-autoSocialForge/IMAGE/output/GYM/2025-12-01T20-58-30-850Z
[2025-12-01T20:58:31.023Z] Saved /Users/itsector/Documents/GitHub/API-autoSocialForge/IMAGE/output/GYM/2025-12-01T20-58-30-850Z/metadata.json
[2025-12-01T20:58:31.458Z] Group GYM error: Supabase upload failed: new row violates row-level security policy
[2025-12-01T20:58:31.459Z] Image pipeline finished
[2025-12-01T21:02:14.130Z] Starting image pipeline
[2025-12-01T21:02:14.130Z] Processing group GYM
[2025-12-01T21:02:14.993Z] Supabase table 'supplements' count=667
[2025-12-01T21:02:14.993Z] Items per page=100
[2025-12-01T21:02:14.993Z] Total pages=7
[2025-12-01T21:02:14.993Z] Fetching page index=6, range [600, 699]
[2025-12-01T21:02:23.080Z] Generated 4 images at /Users/itsector/Documents/GitHub/API-autoSocialForge/IMAGE/output/GYM/2025-12-01T21-02-22-883Z
[2025-12-01T21:02:23.080Z] Saved /Users/itsector/Documents/GitHub/API-autoSocialForge/IMAGE/output/GYM/2025-12-01T21-02-22-883Z/metadata.json
[2025-12-01T21:02:23.621Z] Group GYM error: Supabase upload failed: new row violates row-level security policy
[2025-12-01T21:02:23.621Z] Image pipeline finished
[2025-12-01T21:04:06.417Z] Starting image pipeline
[2025-12-01T21:04:06.418Z] Processing group GYM
[2025-12-01T21:04:06.774Z] Supabase table 'supplements' count=667
[2025-12-01T21:04:06.774Z] Items per page=100
[2025-12-01T21:04:06.775Z] Total pages=7
[2025-12-01T21:04:06.775Z] Fetching page index=0, range [0, 99]
[2025-12-01T21:04:14.903Z] Generated 4 images at /Users/itsector/Documents/GitHub/API-autoSocialForge/IMAGE/output/GYM/2025-12-01T21-04-14-714Z
[2025-12-01T21:04:14.904Z] Saved /Users/itsector/Documents/GitHub/API-autoSocialForge/IMAGE/output/GYM/2025-12-01T21-04-14-714Z/metadata.json
[2025-12-01T21:04:15.361Z] Group GYM error: Supabase upload failed: new row violates row-level security policy
[2025-12-01T21:04:15.362Z] Image pipeline finished
[2025-12-01T21:06:25.291Z] Starting image pipeline
[2025-12-01T21:06:25.292Z] Processing group GYM
[2025-12-01T21:06:25.599Z] Supabase table 'supplements' count=667
[2025-12-01T21:06:25.599Z] Items per page=100
[2025-12-01T21:06:25.599Z] Total pages=7
[2025-12-01T21:06:25.599Z] Fetching page index=3, range [300, 399]
[2025-12-01T21:06:31.500Z] Generated 3 images at /Users/itsector/Documents/GitHub/API-autoSocialForge/IMAGE/output/GYM/2025-12-01T21-06-31-353Z
[2025-12-01T21:06:31.501Z] Saved /Users/itsector/Documents/GitHub/API-autoSocialForge/IMAGE/output/GYM/2025-12-01T21-06-31-353Z/metadata.json
[2025-12-01T21:06:31.978Z] Group GYM error: Supabase upload failed: new row violates row-level security policy
[2025-12-01T21:06:31.979Z] Image pipeline finished
[2025-12-01T21:07:27.318Z] Starting image pipeline
[2025-12-01T21:07:27.319Z] Processing group GYM
[2025-12-01T21:07:27.591Z] Supabase table 'supplements' count=667
[2025-12-01T21:07:27.591Z] Items per page=100
[2025-12-01T21:07:27.591Z] Total pages=7
[2025-12-01T21:07:27.591Z] Fetching page index=0, range [0, 99]
[2025-12-01T21:07:37.911Z] Generated 4 images at /Users/itsector/Documents/GitHub/API-autoSocialForge/IMAGE/output/GYM/2025-12-01T21-07-37-706Z
[2025-12-01T21:07:37.911Z] Saved /Users/itsector/Documents/GitHub/API-autoSocialForge/IMAGE/output/GYM/2025-12-01T21-07-37-706Z/metadata.json
[2025-12-01T21:07:38.383Z] Group GYM error: Supabase upload failed: new row violates row-level security policy
[2025-12-01T21:07:38.384Z] Image pipeline finished
[2025-12-01T21:18:51.394Z] Starting image pipeline
[2025-12-01T21:18:51.394Z] Processing group GYM
[2025-12-01T21:18:51.962Z] Supabase table 'supplements' count=667
[2025-12-01T21:18:51.962Z] Items per page=100
[2025-12-01T21:18:51.962Z] Total pages=7
[2025-12-01T21:18:51.962Z] Fetching page index=5, range [500, 599]
[2025-12-01T21:18:59.743Z] Group GYM error: Template not found at /Users/itsector/Documents/GitHub/API-autoSocialForge/IMAGE/template/Remindergym.png
[2025-12-01T21:18:59.743Z] Image pipeline finished
[2025-12-01T21:19:22.330Z] Starting image pipeline
[2025-12-01T21:19:22.330Z] Processing group GYM
[2025-12-01T21:19:22.611Z] Supabase table 'supplements' count=667
[2025-12-01T21:19:22.611Z] Items per page=100
[2025-12-01T21:19:22.611Z] Total pages=7
[2025-12-01T21:19:22.612Z] Fetching page index=6, range [600, 699]
[2025-12-01T21:19:32.230Z] Generated 4 images at /Users/itsector/Documents/GitHub/API-autoSocialForge/IMAGE/output/GYM/2025-12-01T21-19-31-978Z
[2025-12-01T21:19:32.230Z] Saved /Users/itsector/Documents/GitHub/API-autoSocialForge/IMAGE/output/GYM/2025-12-01T21-19-31-978Z/metadata.json
[2025-12-01T21:19:32.724Z] Group GYM error: Supabase upload failed: new row violates row-level security policy
[2025-12-01T21:19:32.724Z] Image pipeline finished
[2025-12-01T21:19:48.437Z] Starting image pipeline
[2025-12-01T21:19:48.438Z] Processing group GYM
[2025-12-01T21:19:48.675Z] Supabase table 'supplements' count=667
[2025-12-01T21:19:48.675Z] Items per page=100
[2025-12-01T21:19:48.676Z] Total pages=7
[2025-12-01T21:19:48.676Z] Fetching page index=0, range [0, 99]
[2025-12-01T21:19:56.083Z] Generated 4 images at /Users/itsector/Documents/GitHub/API-autoSocialForge/IMAGE/output/GYM/2025-12-01T21-19-55-835Z
[2025-12-01T21:19:56.084Z] Saved /Users/itsector/Documents/GitHub/API-autoSocialForge/IMAGE/output/GYM/2025-12-01T21-19-55-835Z/metadata.json
[2025-12-01T21:19:56.473Z] Group GYM error: Supabase upload failed: new row violates row-level security policy
[2025-12-01T21:19:56.474Z] Image pipeline finished
[2025-12-01T21:20:09.425Z] Starting image pipeline
[2025-12-01T21:20:09.426Z] Processing group GYM
[2025-12-01T21:20:09.711Z] Supabase table 'supplements' count=667
[2025-12-01T21:20:09.712Z] Items per page=100
[2025-12-01T21:20:09.712Z] Total pages=7
[2025-12-01T21:20:09.712Z] Fetching page index=3, range [300, 399]
[2025-12-01T21:20:17.068Z] Generated 3 images at /Users/itsector/Documents/GitHub/API-autoSocialForge/IMAGE/output/GYM/2025-12-01T21-20-16-865Z
[2025-12-01T21:20:17.068Z] Saved /Users/itsector/Documents/GitHub/API-autoSocialForge/IMAGE/output/GYM/2025-12-01T21-20-16-865Z/metadata.json
[2025-12-01T21:20:17.569Z] Group GYM error: Supabase upload failed: new row violates row-level security policy
[2025-12-01T21:20:17.570Z] Image pipeline finished
[2025-12-01T21:20:36.890Z] Starting image pipeline
[2025-12-01T21:20:36.891Z] Processing group GYM
[2025-12-01T21:20:37.298Z] Supabase table 'supplements' count=667
[2025-12-01T21:20:37.298Z] Items per page=100
[2025-12-01T21:20:37.298Z] Total pages=7
[2025-12-01T21:20:37.298Z] Fetching page index=3, range [300, 399]
[2025-12-01T21:20:46.501Z] Generated 4 images at /Users/itsector/Documents/GitHub/API-autoSocialForge/IMAGE/output/GYM/2025-12-01T21-20-46-246Z
[2025-12-01T21:20:46.502Z] Saved /Users/itsector/Documents/GitHub/API-autoSocialForge/IMAGE/output/GYM/2025-12-01T21-20-46-246Z/metadata.json
[2025-12-01T21:20:46.998Z] Group GYM error: Supabase upload failed: new row violates row-level security policy
[2025-12-01T21:20:46.999Z] Image pipeline finished
[2025-12-01T21:21:19.460Z] Starting image pipeline
[2025-12-01T21:21:19.461Z] Processing group GYM
[2025-12-01T21:21:20.014Z] Supabase table 'supplements' count=667
[2025-12-01T21:21:20.015Z] Items per page=100
[2025-12-01T21:21:20.015Z] Total pages=7
[2025-12-01T21:21:20.015Z] Fetching page index=5, range [500, 599]
[2025-12-01T21:21:29.048Z] Generated 4 images at /Users/itsector/Documents/GitHub/API-autoSocialForge/IMAGE/output/GYM/2025-12-01T21-21-28-772Z
[2025-12-01T21:21:29.049Z] Saved /Users/itsector/Documents/GitHub/API-autoSocialForge/IMAGE/output/GYM/2025-12-01T21-21-28-772Z/metadata.json
[2025-12-01T21:21:29.653Z] Group GYM error: Supabase upload failed: new row violates row-level security policy
[2025-12-01T21:21:29.654Z] Image pipeline finished
[2025-12-01T21:25:30.654Z] Starting image pipeline
[2025-12-01T21:25:30.655Z] Processing group GYM
[2025-12-01T21:25:31.166Z] Supabase table 'supplements' count=667
[2025-12-01T21:25:31.167Z] Items per page=100
[2025-12-01T21:25:31.167Z] Total pages=7
[2025-12-01T21:25:31.167Z] Fetching page index=6, range [600, 699]
[2025-12-01T21:25:38.942Z] Generated 4 images at /Users/itsector/Documents/GitHub/API-autoSocialForge/IMAGE/output/GYM/2025-12-01T21-25-38-685Z
[2025-12-01T21:25:38.942Z] Saved /Users/itsector/Documents/GitHub/API-autoSocialForge/IMAGE/output/GYM/2025-12-01T21-25-38-685Z/metadata.json
[2025-12-01T21:25:39.353Z] Group GYM error: Supabase upload failed: new row violates row-level security policy
[2025-12-01T21:25:39.353Z] Image pipeline finished
[2025-12-01T21:26:02.171Z] Starting image pipeline
[2025-12-01T21:26:02.172Z] Processing group GYM
[2025-12-01T21:26:02.462Z] Supabase table 'supplements' count=667
[2025-12-01T21:26:02.462Z] Items per page=100
[2025-12-01T21:26:02.463Z] Total pages=7
[2025-12-01T21:26:02.463Z] Fetching page index=3, range [300, 399]
[2025-12-01T21:26:10.614Z] Generated 4 images at /Users/itsector/Documents/GitHub/API-autoSocialForge/IMAGE/output/GYM/2025-12-01T21-26-10-344Z
[2025-12-01T21:26:10.614Z] Saved /Users/itsector/Documents/GitHub/API-autoSocialForge/IMAGE/output/GYM/2025-12-01T21-26-10-344Z/metadata.json
[2025-12-01T21:26:11.196Z] Group GYM error: Supabase upload failed: new row violates row-level security policy
[2025-12-01T21:26:11.197Z] Image pipeline finished
[2025-12-01T21:27:23.374Z] Starting image pipeline
[2025-12-01T21:27:23.375Z] Processing group GYM
[2025-12-01T21:27:23.709Z] Supabase table 'supplements' count=667
[2025-12-01T21:27:23.709Z] Items per page=100
[2025-12-01T21:27:23.710Z] Total pages=7
[2025-12-01T21:27:23.710Z] Fetching page index=2, range [200, 299]
[2025-12-01T21:27:31.957Z] Generated 4 images at /Users/itsector/Documents/GitHub/API-autoSocialForge/IMAGE/output/GYM/2025-12-01T21-27-31-682Z
[2025-12-01T21:27:31.959Z] Saved /Users/itsector/Documents/GitHub/API-autoSocialForge/IMAGE/output/GYM/2025-12-01T21-27-31-682Z/metadata.json
[2025-12-01T21:27:32.470Z] Group GYM error: Supabase upload failed: new row violates row-level security policy
[2025-12-01T21:27:32.470Z] Image pipeline finished
[2025-12-01T21:28:29.534Z] Starting image pipeline
[2025-12-01T21:28:29.534Z] Processing group GYM
[2025-12-01T21:28:29.775Z] Supabase table 'supplements' count=667
[2025-12-01T21:28:29.775Z] Items per page=100
[2025-12-01T21:28:29.775Z] Total pages=7
[2025-12-01T21:28:29.775Z] Fetching page index=3, range [300, 399]
[2025-12-01T21:28:37.866Z] Generated 4 images at /Users/itsector/Documents/GitHub/API-autoSocialForge/IMAGE/output/GYM/2025-12-01T21-28-37-600Z
[2025-12-01T21:28:37.867Z] Saved /Users/itsector/Documents/GitHub/API-autoSocialForge/IMAGE/output/GYM/2025-12-01T21-28-37-600Z/metadata.json
[2025-12-01T21:28:38.300Z] Group GYM error: Supabase upload failed: new row violates row-level security policy
[2025-12-01T21:28:38.300Z] Image pipeline finished
[2025-12-01T21:28:55.837Z] Starting image pipeline
[2025-12-01T21:28:55.837Z] Processing group GYM
[2025-12-01T21:28:56.106Z] Supabase table 'supplements' count=667
[2025-12-01T21:28:56.106Z] Items per page=100
[2025-12-01T21:28:56.106Z] Total pages=7
[2025-12-01T21:28:56.107Z] Fetching page index=5, range [500, 599]
[2025-12-01T21:29:04.234Z] Generated 4 images at /Users/itsector/Documents/GitHub/API-autoSocialForge/IMAGE/output/GYM/2025-12-01T21-29-03-971Z
[2025-12-01T21:29:04.234Z] Saved /Users/itsector/Documents/GitHub/API-autoSocialForge/IMAGE/output/GYM/2025-12-01T21-29-03-971Z/metadata.json
[2025-12-01T21:29:04.640Z] Group GYM error: Supabase upload failed: new row violates row-level security policy
[2025-12-01T21:29:04.640Z] Image pipeline finished
[2025-12-01T21:30:31.409Z] Starting image pipeline
[2025-12-01T21:30:31.409Z] Processing group GYM
[2025-12-01T21:30:31.792Z] Supabase table 'supplements' count=667
[2025-12-01T21:30:31.792Z] Items per page=100
[2025-12-01T21:30:31.792Z] Total pages=7
[2025-12-01T21:30:31.792Z] Fetching page index=0, range [0, 99]
[2025-12-01T21:30:41.230Z] Generated 4 images at /Users/itsector/Documents/GitHub/API-autoSocialForge/IMAGE/output/GYM/2025-12-01T21-30-40-974Z
[2025-12-01T21:30:41.231Z] Saved /Users/itsector/Documents/GitHub/API-autoSocialForge/IMAGE/output/GYM/2025-12-01T21-30-40-974Z/metadata.json
[2025-12-01T21:30:41.758Z] Group GYM error: Supabase upload failed: new row violates row-level security policy
[2025-12-01T21:30:41.759Z] Image pipeline finished
[2025-12-01T21:32:47.965Z] Starting image pipeline
[2025-12-01T21:32:47.965Z] Processing group GYM
[2025-12-01T21:32:48.275Z] Supabase table 'supplements' count=667
[2025-12-01T21:32:48.275Z] Items per page=100
[2025-12-01T21:32:48.276Z] Total pages=7
[2025-12-01T21:32:48.276Z] Fetching page index=4, range [400, 499]
[2025-12-01T21:32:57.115Z] Generated 4 images at /Users/itsector/Documents/GitHub/API-autoSocialForge/IMAGE/output/GYM/2025-12-01T21-32-56-848Z
[2025-12-01T21:32:57.116Z] Saved /Users/itsector/Documents/GitHub/API-autoSocialForge/IMAGE/output/GYM/2025-12-01T21-32-56-848Z/metadata.json
[2025-12-01T21:32:57.639Z] Group GYM error: Supabase upload failed: new row violates row-level security policy
[2025-12-01T21:32:57.639Z] Image pipeline finished
[2025-12-01T21:33:16.788Z] Starting image pipeline
[2025-12-01T21:33:16.788Z] Processing group GYM
[2025-12-01T21:33:17.086Z] Supabase table 'supplements' count=667
[2025-12-01T21:33:17.087Z] Items per page=100
[2025-12-01T21:33:17.087Z] Total pages=7
[2025-12-01T21:33:17.087Z] Fetching page index=5, range [500, 599]
[2025-12-01T21:33:25.890Z] Generated 4 images at /Users/itsector/Documents/GitHub/API-autoSocialForge/IMAGE/output/GYM/2025-12-01T21-33-25-624Z
[2025-12-01T21:33:25.890Z] Saved /Users/itsector/Documents/GitHub/API-autoSocialForge/IMAGE/output/GYM/2025-12-01T21-33-25-624Z/metadata.json
[2025-12-01T21:33:26.262Z] Group GYM error: Supabase upload failed: new row violates row-level security policy
[2025-12-01T21:33:26.262Z] Image pipeline finished
